\BOOKMARK [0][]{FrontPage.0}{Front Page}{}% 1
\BOOKMARK [0][]{TitlePage.0}{Title Page}{}% 2
\BOOKMARK [0][]{LibraryPage.0}{Library Page}{}% 3
\BOOKMARK [0][]{theabsanchor-swedish.0}{Sammanfattning}{}% 4
\BOOKMARK [0][]{theabsanchor-english.0}{Abstract}{}% 5
\BOOKMARK [0][]{theackanchor.0}{Acknowledgments}{}% 6
\BOOKMARK [0][]{thetocanchor.0}{Contents}{}% 7
\BOOKMARK [0][]{section*.7}{Notation}{}% 8
\BOOKMARK [0][]{chapter.1}{1 INTRODUCTION}{}% 9
\BOOKMARK [1][-]{section.1.1}{1.1 Background}{chapter.1}% 10
\BOOKMARK [1][-]{section.1.2}{1.2 Aims \046 Objectives}{chapter.1}% 11
\BOOKMARK [1][-]{section.1.3}{1.3 Thesis Outline}{chapter.1}% 12
\BOOKMARK [1][-]{section.1.4}{1.4 Related Work}{chapter.1}% 13
\BOOKMARK [0][]{chapter.2}{2 COMMUNICATION \046 AUTHENTICATION}{}% 14
\BOOKMARK [1][-]{section.2.1}{2.1 Two factor authentication}{chapter.2}% 15
\BOOKMARK [1][-]{section.2.2}{2.2 M2M \(Machine-to-machine\)}{chapter.2}% 16
\BOOKMARK [2][-]{subsection.2.2.1}{2.2.1 Difference between M2M and IoT}{section.2.2}% 17
\BOOKMARK [2][-]{subsection.2.2.2}{2.2.2 M2M authentication}{section.2.2}% 18
\BOOKMARK [1][-]{section.2.3}{2.3 The biometric process}{chapter.2}% 19
\BOOKMARK [2][-]{subsection.2.3.1}{2.3.1 Recognition}{section.2.3}% 20
\BOOKMARK [2][-]{subsection.2.3.2}{2.3.2 Biometric systems}{section.2.3}% 21
\BOOKMARK [2][-]{subsection.2.3.3}{2.3.3 Biometric authentication}{section.2.3}% 22
\BOOKMARK [2][-]{subsection.2.3.4}{2.3.4 Measurements}{section.2.3}% 23
\BOOKMARK [2][-]{subsection.2.3.5}{2.3.5 Design a biometric system}{section.2.3}% 24
\BOOKMARK [0][]{chapter.3}{3 UNIQUE HARDWARE CHARACTERISTICS OF A MOBILE DEVICE}{}% 25
\BOOKMARK [1][-]{section.3.1}{3.1 Sensors}{chapter.3}% 26
\BOOKMARK [2][-]{subsection.3.1.1}{3.1.1 Accelerometer}{section.3.1}% 27
\BOOKMARK [2][-]{subsection.3.1.2}{3.1.2 Gyroscope}{section.3.1}% 28
\BOOKMARK [2][-]{subsection.3.1.3}{3.1.3 Microphone \046 Speaker}{section.3.1}% 29
\BOOKMARK [2][-]{subsection.3.1.4}{3.1.4 Camera}{section.3.1}% 30
\BOOKMARK [1][-]{section.3.2}{3.2 Clock skew rate}{chapter.3}% 31
\BOOKMARK [1][-]{section.3.3}{3.3 Radio signal}{chapter.3}% 32
\BOOKMARK [0][]{chapter.4}{4 TEST \046 DESIGN}{}% 33
\BOOKMARK [1][-]{section.4.1}{4.1 Accelerometer \046 Gyroscope}{chapter.4}% 34
\BOOKMARK [1][-]{section.4.2}{4.2 Sound}{chapter.4}% 35
\BOOKMARK [1][-]{section.4.3}{4.3 Camera}{chapter.4}% 36
\BOOKMARK [1][-]{section.4.4}{4.4 Gyroscope Accelerometer}{chapter.4}% 37
\BOOKMARK [1][-]{section.4.5}{4.5 Radio signal}{chapter.4}% 38
\BOOKMARK [0][]{chapter.5}{5 RESULT}{}% 39
\BOOKMARK [1][-]{section.5.1}{5.1 Result of the test for characteristics in mobile device}{chapter.5}% 40
\BOOKMARK [2][-]{subsection.5.1.1}{5.1.1 Result of sensor tests}{section.5.1}% 41
\BOOKMARK [2][-]{subsection.5.1.2}{5.1.2 Result of clock skew rate test}{section.5.1}% 42
\BOOKMARK [2][-]{subsection.5.1.3}{5.1.3 Result of radio signal test}{section.5.1}% 43
\BOOKMARK [2][-]{subsection.5.1.4}{5.1.4 Comparing of characteristics}{section.5.1}% 44
\BOOKMARK [1][-]{section.5.2}{5.2 Implementation}{chapter.5}% 45
\BOOKMARK [0][]{chapter.6}{6 CONCLUSIONS}{}% 46
\BOOKMARK [1][-]{section.6.1}{6.1 Conclusions}{chapter.6}% 47
\BOOKMARK [1][-]{section.6.2}{6.2 Ethical aspects}{chapter.6}% 48
\BOOKMARK [1][-]{section.6.3}{6.3 Further work}{chapter.6}% 49
\BOOKMARK [0][]{appendix.A}{A Trista saker}{}% 50
\BOOKMARK [1][-]{section.A.1}{A.1 B\344dda s\344ngen}{appendix.A}% 51
\BOOKMARK [1][-]{section.A.2}{A.2 Diska}{appendix.A}% 52
\BOOKMARK [0][]{appendix*.12}{Bibliography}{}% 53
\BOOKMARK [0][]{appendix*.12}{Index}{}% 54
\BOOKMARK [0][]{Copyright.0}{Copyright}{}% 55
